<?xml version="1.0" encoding="UTF-8"?>
<!-- Generated by org.testng.reporters.JUnitReportReporter -->
<testsuite hostname="IBM-2CQ8QM3" name="ibmfullstack.exampleproject.example" tests="2" failures="0" timestamp="1 Jul 2022 10:06:45 GMT" time="1.447" errors="0">
  <testcase name="testcase3" time="0.111" classname="ibmfullstack.exampleproject.example"/>
  <testcase name="testcase6" time="1.336" classname="ibmfullstack.exampleproject.example"/>
</testsuite> <!-- ibmfullstack.exampleproject.example -->
