<?xml version="1.0" encoding="UTF-8"?>
<!-- Generated by org.testng.reporters.JUnitReportReporter -->
<testsuite hostname="IBM-2CQ8QM3" name="exampleproject.example" tests="7" failures="0" timestamp="1 Jul 2022 11:15:06 GMT" time="12.280" errors="0">
  <testcase name="createUser" time="2.556" classname="exampleproject.example"/>
  <testcase name="deleteUser" time="2.415" classname="exampleproject.example"/>
  <testcase name="createUser" time="1.234" classname="exampleproject.example"/>
  <testcase name="UpdateUser" time="1.205" classname="exampleproject.example"/>
  <testcase name="getUser" time="2.452" classname="exampleproject.example"/>
  <testcase name="LoginUser" time="1.215" classname="exampleproject.example"/>
  <testcase name="LoginUser" time="1.203" classname="exampleproject.example"/>
</testsuite> <!-- exampleproject.example -->
